# do {tb_top_hdmi_block_move_compile.do}
# Model Technology ModelSim SE-64 vmap 10.5 Lib Mapping Utility 2016.02 Feb 13 2016
# vmap xil_defaultlib modelsim_lib/msim/xil_defaultlib 
# Modifying modelsim.ini
# Model Technology ModelSim SE-64 vlog 10.5 Compiler 2016.02 Feb 13 2016
# Start time: 11:07:43 on Jul 07,2023
# vlog -incr -work xil_defaultlib "+incdir+../../../../hdmi_block_move.gen/sources_1/ip/clk_wiz_0" ../../../../hdmi_block_move.gen/sources_1/ip/clk_wiz_0/clk_wiz_0_clk_wiz.v ../../../../hdmi_block_move.gen/sources_1/ip/clk_wiz_0/clk_wiz_0.v ../../../../../rtl/asyn_rst_syn.v ../../../../../rtl/dvi_encoder.v ../../../../../rtl/dvi_transmitter_top.v ../../../../../rtl/serializer_10_to_1.v ../../../../../rtl/top_hdmi_block_move.v ../../../../../rtl/video_display.v ../../../../../rtl/video_driver.v ../../../../../sim/tb_top_hdmi_block_move.v 
# -- Compiling module clk_wiz_0_clk_wiz
# -- Compiling module clk_wiz_0
# -- Compiling module asyn_rst_syn
# -- Compiling module dvi_encoder
# -- Compiling module dvi_transmitter_top
# -- Compiling module serializer_10_to_1
# -- Compiling module top_hdmi_block_move
# -- Compiling module video_display
# -- Compiling module video_driver
# -- Compiling module tb_top_hdmi_block_move
# 
# Top level modules:
# 	tb_top_hdmi_block_move
# End time: 11:07:43 on Jul 07,2023, Elapsed time: 0:00:00
# Errors: 0, Warnings: 0
# Model Technology ModelSim SE-64 vlog 10.5 Compiler 2016.02 Feb 13 2016
# Start time: 11:07:43 on Jul 07,2023
# vlog -work xil_defaultlib glbl.v 
# -- Compiling module glbl
# 
# Top level modules:
# 	glbl
# End time: 11:07:43 on Jul 07,2023, Elapsed time: 0:00:00
# Errors: 0, Warnings: 0
