Copyright 1986-2020 Xilinx, Inc. All Rights Reserved.
------------------------------------------------------------------------------------------------
| Tool Version : Vivado v.2020.2 (win64) Build 3064766 Wed Nov 18 09:12:45 MST 2020
| Date         : Fri Jul  7 10:57:37 2023
| Host         : DESKTOP-OE2QKLR running 64-bit major release  (build 9200)
| Command      : report_control_sets -verbose -file top_hdmi_block_move_control_sets_placed.rpt
| Design       : top_hdmi_block_move
| Device       : xc7z020
------------------------------------------------------------------------------------------------

Control Set Information

Table of Contents
-----------------
1. Summary
2. Histogram
3. Flip-Flop Distribution
4. Detailed Control Set Information

1. Summary
----------

+----------------------------------------------------------+-------+
|                          Status                          | Count |
+----------------------------------------------------------+-------+
| Total control sets                                       |     5 |
|    Minimum number of control sets                        |     5 |
|    Addition due to synthesis replication                 |     0 |
|    Addition due to physical synthesis replication        |     0 |
| Unused register locations in slices containing registers |    15 |
+----------------------------------------------------------+-------+
* Control sets can be merged at opt_design using control_set_merge or merge_equivalent_drivers
** Run report_qor_suggestions for automated merging and remapping suggestions


2. Histogram
------------

+--------------------+-------+
|       Fanout       | Count |
+--------------------+-------+
| Total control sets |     5 |
| >= 0 to < 4        |     0 |
| >= 4 to < 6        |     0 |
| >= 6 to < 8        |     0 |
| >= 8 to < 10       |     0 |
| >= 10 to < 12      |     1 |
| >= 12 to < 14      |     0 |
| >= 14 to < 16      |     1 |
| >= 16              |     3 |
+--------------------+-------+
* Control sets can be remapped at either synth_design or opt_design


3. Flip-Flop Distribution
-------------------------

+--------------+-----------------------+------------------------+-----------------+--------------+
| Clock Enable | Synchronous Set/Reset | Asynchronous Set/Reset | Total Registers | Total Slices |
+--------------+-----------------------+------------------------+-----------------+--------------+
| No           | No                    | No                     |              14 |            6 |
| No           | No                    | Yes                    |              83 |           34 |
| No           | Yes                   | No                     |               0 |            0 |
| Yes          | No                    | No                     |               0 |            0 |
| Yes          | No                    | Yes                    |              32 |           13 |
| Yes          | Yes                   | No                     |               0 |            0 |
+--------------+-----------------------+------------------------+-----------------+--------------+


4. Detailed Control Set Information
-----------------------------------

+--------------------------+-------------------------+-----------------------------+------------------+----------------+--------------+
|       Clock Signal       |      Enable Signal      |       Set/Reset Signal      | Slice Load Count | Bel Load Count | Bels / Slice |
+--------------------------+-------------------------+-----------------------------+------------------+----------------+--------------+
|  clk_wiz_0/inst/clk_out1 | u_video_driver/cnt_v    | u_video_display/reset       |                4 |             10 |         2.50 |
|  clk_wiz_0/inst/clk_out1 |                         |                             |                6 |             14 |         2.33 |
|  clk_wiz_0/inst/clk_out1 | u_video_display/move_en | u_video_display/reset       |                9 |             22 |         2.44 |
|  clk_wiz_0/inst/clk_out1 |                         | u_rgb2dvi_0/reset_syn/AR[0] |               13 |             23 |         1.77 |
|  clk_wiz_0/inst/clk_out1 |                         | u_video_display/reset       |               21 |             60 |         2.86 |
+--------------------------+-------------------------+-----------------------------+------------------+----------------+--------------+


